<?xml version="1.0" encoding="UTF-8"?>
<testng-results skipped="0" failed="0" total="1" passed="1">
  <reporter-output>
  </reporter-output>
  <suite name="Command line suite" duration-ms="32" started-at="2018-08-28T05:30:30Z" finished-at="2018-08-28T05:30:30Z">
    <groups>
    </groups>
    <test name="Command line test" duration-ms="32" started-at="2018-08-28T05:30:30Z" finished-at="2018-08-28T05:30:30Z">
      <class name="com.test.crossbrowser.AppTest">
        <test-method status="PASS" signature="testApp()[pri:0, instance:testApp(com.test.crossbrowser.AppTest)]" name="testApp" duration-ms="0" started-at="2018-08-28T11:00:30Z" finished-at="2018-08-28T11:00:30Z">
          <reporter-output>
          </reporter-output>
        </test-method> <!-- testApp -->
      </class> <!-- com.test.crossbrowser.AppTest -->
    </test> <!-- Command line test -->
  </suite> <!-- Command line suite -->
</testng-results>
