<?xml version="1.0" encoding="UTF-8"?>
<testng-results skipped="0" failed="0" total="2" passed="2">
  <reporter-output>
  </reporter-output>
  <suite name="Suite" duration-ms="57303" started-at="2018-08-28T05:38:28Z" finished-at="2018-08-28T05:39:25Z">
    <groups>
    </groups>
    <test name="browserTest" duration-ms="56055" started-at="2018-08-28T05:38:28Z" finished-at="2018-08-28T05:39:24Z">
      <class name="com.test.crossbrowser.crossBrowserTest">
        <test-method status="PASS" signature="browserTest(java.lang.String)[pri:0, instance:com.test.crossbrowser.crossBrowserTest@3d24753a]" name="browserTest" duration-ms="56024" started-at="2018-08-28T11:08:28Z" finished-at="2018-08-28T11:09:24Z">
          <params>
            <param index="0">
              <value>
                <![CDATA[chrome]]>
              </value>
            </param>
          </params>
          <reporter-output>
          </reporter-output>
        </test-method> <!-- browserTest -->
      </class> <!-- com.test.crossbrowser.crossBrowserTest -->
    </test> <!-- browserTest -->
    <test name="browserTest1" duration-ms="57303" started-at="2018-08-28T05:38:28Z" finished-at="2018-08-28T05:39:25Z">
      <class name="com.test.crossbrowser.crossBrowserTest">
        <test-method status="PASS" signature="browserTest(java.lang.String)[pri:0, instance:com.test.crossbrowser.crossBrowserTest@5f2050f6]" name="browserTest" duration-ms="57272" started-at="2018-08-28T11:08:28Z" finished-at="2018-08-28T11:09:25Z">
          <params>
            <param index="0">
              <value>
                <![CDATA[ie]]>
              </value>
            </param>
          </params>
          <reporter-output>
          </reporter-output>
        </test-method> <!-- browserTest -->
      </class> <!-- com.test.crossbrowser.crossBrowserTest -->
    </test> <!-- browserTest1 -->
  </suite> <!-- Suite -->
</testng-results>
