<?xml version="1.0" encoding="UTF-8"?>
<testng-results skipped="0" failed="0" total="2" passed="2">
  <reporter-output>
  </reporter-output>
  <suite name="Suite" duration-ms="14268" started-at="2018-08-28T05:16:00Z" finished-at="2018-08-28T05:16:15Z">
    <groups>
    </groups>
    <test name="browserTest1" duration-ms="8984" started-at="2018-08-28T05:16:00Z" finished-at="2018-08-28T05:16:09Z">
      <class name="com.test.crossbrowser.crossBrowserTest">
        <test-method status="PASS" signature="browserTest(java.lang.String)[pri:0, instance:com.test.crossbrowser.crossBrowserTest@4411d970]" name="browserTest" duration-ms="8969" started-at="2018-08-28T10:46:00Z" finished-at="2018-08-28T10:46:09Z">
          <params>
            <param index="0">
              <value>
                <![CDATA[ie]]>
              </value>
            </param>
          </params>
          <reporter-output>
          </reporter-output>
        </test-method> <!-- browserTest -->
      </class> <!-- com.test.crossbrowser.crossBrowserTest -->
    </test> <!-- browserTest1 -->
    <test name="browserTest" duration-ms="14268" started-at="2018-08-28T05:16:00Z" finished-at="2018-08-28T05:16:15Z">
      <class name="com.test.crossbrowser.crossBrowserTest">
        <test-method status="PASS" signature="browserTest(java.lang.String)[pri:0, instance:com.test.crossbrowser.crossBrowserTest@6b71769e]" name="browserTest" duration-ms="14254" started-at="2018-08-28T10:46:00Z" finished-at="2018-08-28T10:46:15Z">
          <params>
            <param index="0">
              <value>
                <![CDATA[chrome]]>
              </value>
            </param>
          </params>
          <reporter-output>
          </reporter-output>
        </test-method> <!-- browserTest -->
      </class> <!-- com.test.crossbrowser.crossBrowserTest -->
    </test> <!-- browserTest -->
  </suite> <!-- Suite -->
</testng-results>
